  Assigned Seating.c
C:\Users\alexa\Desktop\Projects\COP-3502C\Assignment 1\Assigned Seating.c(78,14): error C2065: 'newRow': undeclared identifier
C:\Users\alexa\Desktop\Projects\COP-3502C\Assignment 1\Assigned Seating.c(78,20): warning C4047: '=': 'int' differs in levels of indirection from 'void *'
C:\Users\alexa\Desktop\Projects\COP-3502C\Assignment 1\Assigned Seating.c(78,6): error C2106: '=': left operand must be l-value
C:\Users\alexa\Desktop\Projects\COP-3502C\Assignment 1\Assigned Seating.c(79,9): error C2065: 'newRow': undeclared identifier
C:\Users\alexa\Desktop\Projects\COP-3502C\Assignment 1\Assigned Seating.c(79,30): warning C4047: '=': 'int' differs in levels of indirection from 'void *'
C:\Users\alexa\Desktop\Projects\COP-3502C\Assignment 1\Assigned Seating.c(80,8): error C2065: 'newRow': undeclared identifier
C:\Users\alexa\Desktop\Projects\COP-3502C\Assignment 1\Assigned Seating.c(80,10): error C2223: left of '->row' must point to struct/union
C:\Users\alexa\Desktop\Projects\COP-3502C\Assignment 1\Assigned Seating.c(81,8): error C2065: 'newRow': undeclared identifier
C:\Users\alexa\Desktop\Projects\COP-3502C\Assignment 1\Assigned Seating.c(81,10): error C2223: left of '->head' must point to struct/union
C:\Users\alexa\Desktop\Projects\COP-3502C\Assignment 1\Assigned Seating.c(82,8): error C2065: 'newRow': undeclared identifier
C:\Users\alexa\Desktop\Projects\COP-3502C\Assignment 1\Assigned Seating.c(82,10): error C2223: left of '->next' must point to struct/union
C:\Users\alexa\Desktop\Projects\COP-3502C\Assignment 1\Assigned Seating.c(85,18): error C2065: 'currentRow': undeclared identifier
C:\Users\alexa\Desktop\Projects\COP-3502C\Assignment 1\Assigned Seating.c(85,24): warning C4047: '=': 'int' differs in levels of indirection from 'void *'
C:\Users\alexa\Desktop\Projects\COP-3502C\Assignment 1\Assigned Seating.c(85,6): error C2106: '=': left operand must be l-value
C:\Users\alexa\Desktop\Projects\COP-3502C\Assignment 1\Assigned Seating.c(86,13): error C2065: 'currentRow': undeclared identifier
C:\Users\alexa\Desktop\Projects\COP-3502C\Assignment 1\Assigned Seating.c(86,34): warning C4047: '=': 'int' differs in levels of indirection from 'void *'
C:\Users\alexa\Desktop\Projects\COP-3502C\Assignment 1\Assigned Seating.c(87,13): error C2065: 'currentRow': undeclared identifier
C:\Users\alexa\Desktop\Projects\COP-3502C\Assignment 1\Assigned Seating.c(87,19): warning C4047: '=': 'int' differs in levels of indirection from 'row *'
C:\Users\alexa\Desktop\Projects\COP-3502C\Assignment 1\Assigned Seating.c(92,26): error C2065: 'currentRow': undeclared identifier
C:\Users\alexa\Desktop\Projects\COP-3502C\Assignment 1\Assigned Seating.c(92,28): error C2223: left of '->head' must point to struct/union
C:\Users\alexa\Desktop\Projects\COP-3502C\Assignment 1\Assigned Seating.c(97,27): error C2065: 'currentRow': undeclared identifier
C:\Users\alexa\Desktop\Projects\COP-3502C\Assignment 1\Assigned Seating.c(97,29): error C2223: left of '->head' must point to struct/union
C:\Users\alexa\Desktop\Projects\COP-3502C\Assignment 1\Assigned Seating.c(100,19): error C2065: 'previousRow': undeclared identifier
C:\Users\alexa\Desktop\Projects\COP-3502C\Assignment 1\Assigned Seating.c(100,25): warning C4047: '=': 'int' differs in levels of indirection from 'void *'
C:\Users\alexa\Desktop\Projects\COP-3502C\Assignment 1\Assigned Seating.c(100,6): error C2106: '=': left operand must be l-value
C:\Users\alexa\Desktop\Projects\COP-3502C\Assignment 1\Assigned Seating.c(101,14): error C2065: 'previousRow': undeclared identifier
C:\Users\alexa\Desktop\Projects\COP-3502C\Assignment 1\Assigned Seating.c(101,35): warning C4047: '=': 'int' differs in levels of indirection from 'void *'
C:\Users\alexa\Desktop\Projects\COP-3502C\Assignment 1\Assigned Seating.c(102,14): error C2065: 'previousRow': undeclared identifier
C:\Users\alexa\Desktop\Projects\COP-3502C\Assignment 1\Assigned Seating.c(102,20): warning C4047: '=': 'int' differs in levels of indirection from 'row *'
C:\Users\alexa\Desktop\Projects\COP-3502C\Assignment 1\Assigned Seating.c(108,20): error C2065: 'currentRow': undeclared identifier
C:\Users\alexa\Desktop\Projects\COP-3502C\Assignment 1\Assigned Seating.c(108,27): warning C4047: '!=': 'int' differs in levels of indirection from 'void *'
C:\Users\alexa\Desktop\Projects\COP-3502C\Assignment 1\Assigned Seating.c(111,17): error C2065: 'currentRow': undeclared identifier
C:\Users\alexa\Desktop\Projects\COP-3502C\Assignment 1\Assigned Seating.c(111,19): error C2223: left of '->row' must point to struct/union
C:\Users\alexa\Desktop\Projects\COP-3502C\Assignment 1\Assigned Seating.c(122,15): error C2065: 'previousRow': undeclared identifier
C:\Users\alexa\Desktop\Projects\COP-3502C\Assignment 1\Assigned Seating.c(122,27): error C2065: 'currentRow': undeclared identifier
C:\Users\alexa\Desktop\Projects\COP-3502C\Assignment 1\Assigned Seating.c(125,14): error C2065: 'currentRow': undeclared identifier
C:\Users\alexa\Desktop\Projects\COP-3502C\Assignment 1\Assigned Seating.c(125,26): error C2065: 'currentRow': undeclared identifier
C:\Users\alexa\Desktop\Projects\COP-3502C\Assignment 1\Assigned Seating.c(125,28): error C2223: left of '->next' must point to struct/union
C:\Users\alexa\Desktop\Projects\COP-3502C\Assignment 1\Assigned Seating.c(133,14): error C2065: 'previousRow': undeclared identifier
C:\Users\alexa\Desktop\Projects\COP-3502C\Assignment 1\Assigned Seating.c(133,16): error C2223: left of '->next' must point to struct/union
C:\Users\alexa\Desktop\Projects\COP-3502C\Assignment 1\Assigned Seating.c(133,29): error C2065: 'newRow': undeclared identifier
C:\Users\alexa\Desktop\Projects\COP-3502C\Assignment 1\Assigned Seating.c(185,18): error C2065: 'currentRow': undeclared identifier
C:\Users\alexa\Desktop\Projects\COP-3502C\Assignment 1\Assigned Seating.c(185,24): warning C4047: '=': 'int' differs in levels of indirection from 'void *'
C:\Users\alexa\Desktop\Projects\COP-3502C\Assignment 1\Assigned Seating.c(185,6): error C2106: '=': left operand must be l-value
C:\Users\alexa\Desktop\Projects\COP-3502C\Assignment 1\Assigned Seating.c(186,13): error C2065: 'currentRow': undeclared identifier
C:\Users\alexa\Desktop\Projects\COP-3502C\Assignment 1\Assigned Seating.c(186,34): warning C4047: '=': 'int' differs in levels of indirection from 'void *'
C:\Users\alexa\Desktop\Projects\COP-3502C\Assignment 1\Assigned Seating.c(187,13): error C2065: 'currentRow': undeclared identifier
C:\Users\alexa\Desktop\Projects\COP-3502C\Assignment 1\Assigned Seating.c(187,19): warning C4047: '=': 'int' differs in levels of indirection from 'row *'
C:\Users\alexa\Desktop\Projects\COP-3502C\Assignment 1\Assigned Seating.c(190,20): error C2065: 'currentSeat': undeclared identifier
C:\Users\alexa\Desktop\Projects\COP-3502C\Assignment 1\Assigned Seating.c(190,26): warning C4047: '=': 'int' differs in levels of indirection from 'void *'
C:\Users\alexa\Desktop\Projects\COP-3502C\Assignment 1\Assigned Seating.c(190,7): error C2106: '=': left operand must be l-value
C:\Users\alexa\Desktop\Projects\COP-3502C\Assignment 1\Assigned Seating.c(191,14): error C2065: 'currentSeat': undeclared identifier
C:\Users\alexa\Desktop\Projects\COP-3502C\Assignment 1\Assigned Seating.c(191,36): warning C4047: '=': 'int' differs in levels of indirection from 'void *'
C:\Users\alexa\Desktop\Projects\COP-3502C\Assignment 1\Assigned Seating.c(192,14): error C2065: 'currentSeat': undeclared identifier
C:\Users\alexa\Desktop\Projects\COP-3502C\Assignment 1\Assigned Seating.c(192,26): error C2065: 'currentRow': undeclared identifier
C:\Users\alexa\Desktop\Projects\COP-3502C\Assignment 1\Assigned Seating.c(192,28): error C2223: left of '->head' must point to struct/union
C:\Users\alexa\Desktop\Projects\COP-3502C\Assignment 1\Assigned Seating.c(198,20): error C2065: 'currentRow': undeclared identifier
C:\Users\alexa\Desktop\Projects\COP-3502C\Assignment 1\Assigned Seating.c(198,27): warning C4047: '!=': 'int' differs in levels of indirection from 'void *'
C:\Users\alexa\Desktop\Projects\COP-3502C\Assignment 1\Assigned Seating.c(201,17): error C2065: 'currentRow': undeclared identifier
C:\Users\alexa\Desktop\Projects\COP-3502C\Assignment 1\Assigned Seating.c(201,19): error C2223: left of '->row' must point to struct/union
C:\Users\alexa\Desktop\Projects\COP-3502C\Assignment 1\Assigned Seating.c(212,14): error C2065: 'currentRow': undeclared identifier
C:\Users\alexa\Desktop\Projects\COP-3502C\Assignment 1\Assigned Seating.c(212,26): error C2065: 'currentRow': undeclared identifier
C:\Users\alexa\Desktop\Projects\COP-3502C\Assignment 1\Assigned Seating.c(212,28): error C2223: left of '->next' must point to struct/union
C:\Users\alexa\Desktop\Projects\COP-3502C\Assignment 1\Assigned Seating.c(228,22): error C2065: 'currentSeat': undeclared identifier
C:\Users\alexa\Desktop\Projects\COP-3502C\Assignment 1\Assigned Seating.c(228,29): warning C4047: '!=': 'int' differs in levels of indirection from 'void *'
C:\Users\alexa\Desktop\Projects\COP-3502C\Assignment 1\Assigned Seating.c(231,19): error C2065: 'currentSeat': undeclared identifier
C:\Users\alexa\Desktop\Projects\COP-3502C\Assignment 1\Assigned Seating.c(231,21): error C2223: left of '->start' must point to struct/union
C:\Users\alexa\Desktop\Projects\COP-3502C\Assignment 1\Assigned Seating.c(231,49): error C2065: 'currentSeat': undeclared identifier
C:\Users\alexa\Desktop\Projects\COP-3502C\Assignment 1\Assigned Seating.c(231,51): error C2223: left of '->end' must point to struct/union
C:\Users\alexa\Desktop\Projects\COP-3502C\Assignment 1\Assigned Seating.c(234,31): error C2065: 'currentSeat': undeclared identifier
C:\Users\alexa\Desktop\Projects\COP-3502C\Assignment 1\Assigned Seating.c(234,33): error C2223: left of '->name' must point to struct/union
C:\Users\alexa\Desktop\Projects\COP-3502C\Assignment 1\Assigned Seating.c(234,12): warning C4473: 'printf' : not enough arguments passed for format string
C:\Users\alexa\Desktop\Projects\COP-3502C\Assignment 1\Assigned Seating.c(234,12): message : placeholders and their parameters expect 1 variadic arguments, but 0 were provided
C:\Users\alexa\Desktop\Projects\COP-3502C\Assignment 1\Assigned Seating.c(234,12): message : the missing variadic argument 1 is required by format string '%s'
C:\Users\alexa\Desktop\Projects\COP-3502C\Assignment 1\Assigned Seating.c(242,16): error C2065: 'currentSeat': undeclared identifier
C:\Users\alexa\Desktop\Projects\COP-3502C\Assignment 1\Assigned Seating.c(242,29): error C2065: 'currentSeat': undeclared identifier
C:\Users\alexa\Desktop\Projects\COP-3502C\Assignment 1\Assigned Seating.c(242,31): error C2223: left of '->next' must point to struct/union
C:\Users\alexa\Desktop\Projects\COP-3502C\Assignment 1\Assigned Seating.c(247,19): error C2065: 'currentSeat': undeclared identifier
C:\Users\alexa\Desktop\Projects\COP-3502C\Assignment 1\Assigned Seating.c(247,26): warning C4047: '==': 'int' differs in levels of indirection from 'void *'
C:\Users\alexa\Desktop\Projects\COP-3502C\Assignment 1\Assigned Seating.c(371,4): warning C4013: 'add' undefined; assuming extern returning int
C:\Users\alexa\Desktop\Projects\COP-3502C\Assignment 1\Assigned Seating.c(402,4): warning C4013: 'removeSeat' undefined; assuming extern returning int
